<?xml version="1.0" encoding="UTF-8"?>
<testsuite xmlns:xsi="http://www.w3.org/2001/XMLSchema-instance" xsi:noNamespaceSchemaLocation="https://maven.apache.org/surefire/maven-surefire-plugin/xsd/surefire-test-report-3.0.xsd" version="3.0" name="org.TestCal" time="0.08" tests="3" errors="0" skipped="0" failures="0">
  <properties>
[...]
</properties>
  <testcase name="TestAdd1" classname="org.TestCal" time="0.064"/>
  <testcase name="TestAdd2" classname="org.TestCal" time="0.0"/>
  <testcase name="TestAdd3" classname="org.TestCal" time="0.0"/>
</testsuite>